<?xml version="1.0" encoding="utf-8"?><testsuites name="pytest tests"><testsuite name="pytest" errors="0" failures="0" skipped="0" tests="10" time="5.045" timestamp="2026-07-14T15:33:36.592349+00:00" hostname="agent-env-c91ef00e-f3f5-4451-aa5b-242cd4855189"><testcase classname="tests.test_subscription.TestSubscriptionAuth" name="test_get_subscription_requires_auth" time="0.556" /><testcase classname="tests.test_subscription.TestSubscriptionProUser" name="test_pro_user_active_shape" time="0.791" /><testcase classname="tests.test_subscription.TestSubscriptionAuth" name="test_cancel_requires_auth" time="0.117" /><testcase classname="tests.test_subscription.TestSubscriptionAuth" name="test_resume_requires_auth" time="0.155" /><testcase classname="tests.test_subscription.TestSubscriptionProUser" name="test_cancel_then_resume_flow" time="2.359" /><testcase classname="tests.test_subscription.TestSubscriptionFreshFreeUser" name="test_get_subscription_free_user_shape" time="0.648" /><testcase classname="tests.test_subscription.TestSubscriptionFreshFreeUser" name="test_cancel_without_subscription_returns_400" time="0.447" /><testcase classname="tests.test_subscription.TestSubscriptionFreshFreeUser" name="test_resume_without_subscription_returns_400" time="0.394" /><testcase classname="tests.test_subscription.TestSubscriptionProUser" name="test_canceled_user_still_pro_can_access_euromillions" time="0.508" /><testcase classname="tests.test_subscription.TestSubscriptionProUser" name="test_me_endpoint_pro_flag_after_seed" time="0.403" /></testsuite></testsuites>