<?xml version="1.0" encoding="utf-8"?><testsuites name="pytest tests"><testsuite name="pytest" errors="0" failures="0" skipped="0" tests="16" time="6.131" timestamp="2026-07-14T10:24:12.494617+00:00" hostname="agent-env-c91ef00e-f3f5-4451-aa5b-242cd4855189"><testcase classname="tests.test_notifications.TestDataIntegrity" name="test_lotto_real_data" time="0.040" /><testcase classname="tests.test_notifications.TestDataIntegrity" name="test_euromillions_real_data" time="0.002" /><testcase classname="tests.test_notifications.TestDataIntegrity" name="test_latest_lotto_draw" time="0.190" /><testcase classname="tests.test_notifications.TestDataIntegrity" name="test_latest_euromillions_draw" time="0.268" /><testcase classname="tests.test_notifications.TestNotificationAuth" name="test_list_notifications_requires_auth" time="0.099" /><testcase classname="tests.test_notifications.TestNotificationAuth" name="test_mark_read_requires_auth" time="0.292" /><testcase classname="tests.test_notifications.TestNotificationAuth" name="test_mark_all_read_requires_auth" time="0.097" /><testcase classname="tests.test_notifications.TestNotificationFlow" name="test_refresh_new_draws_is_small" time="3.270" /><testcase classname="tests.test_notifications.TestNotificationFlow" name="test_pro_user_gets_one_jackpot_notification" time="0.044" /><testcase classname="tests.test_notifications.TestNotificationFlow" name="test_non_matching_set_no_notification" time="0.083" /><testcase classname="tests.test_notifications.TestNotificationFlow" name="test_unread_count_reflects_notifications" time="0.085" /><testcase classname="tests.test_notifications.TestNotificationFlow" name="test_free_user_gets_no_notifications" time="0.048" /><testcase classname="tests.test_notifications.TestNotificationFlow" name="test_idempotency_no_new_notifications_on_repeat_refresh" time="1.425" /><testcase classname="tests.test_notifications.TestNotificationFlow" name="test_mark_one_read" time="0.183" /><testcase classname="tests.test_notifications.TestNotificationFlow" name="test_mark_read_unknown_404" time="0.043" /><testcase classname="tests.test_notifications.TestNotificationFlow" name="test_mark_all_read" time="0.085" /></testsuite></testsuites>