<?xml version="1.0" encoding="utf-8"?><testsuites name="pytest tests"><testsuite name="pytest" errors="0" failures="0" skipped="0" tests="64" time="24.910" timestamp="2026-07-14T10:24:24.251448+00:00" hostname="agent-env-c91ef00e-f3f5-4451-aa5b-242cd4855189"><testcase classname="tests.backend_test.TestAuth" name="test_admin_login" time="0.603" /><testcase classname="tests.backend_test.TestAuth" name="test_login_invalid" time="0.488" /><testcase classname="tests.backend_test.TestAuth" name="test_register_and_me" time="0.559" /><testcase classname="tests.backend_test.TestAuth" name="test_register_duplicate" time="1.010" /><testcase classname="tests.backend_test.TestAuth" name="test_me_unauth" time="0.641" /><testcase classname="tests.backend_test.TestAuth" name="test_register_returns_access_token" time="0.321" /><testcase classname="tests.test_notifications.TestNotificationFlow" name="test_refresh_new_draws_is_small" time="3.310" /><testcase classname="tests.test_notifications.TestNotificationFlow" name="test_pro_user_gets_one_jackpot_notification" time="0.046" /><testcase classname="tests.test_notifications.TestNotificationFlow" name="test_non_matching_set_no_notification" time="0.270" /><testcase classname="tests.backend_test.TestAuth" name="test_login_returns_access_token" time="0.388" /><testcase classname="tests.test_notifications.TestNotificationFlow" name="test_unread_count_reflects_notifications" time="0.046" /><testcase classname="tests.test_notifications.TestNotificationFlow" name="test_free_user_gets_no_notifications" time="0.044" /><testcase classname="tests.test_notifications.TestNotificationFlow" name="test_idempotency_no_new_notifications_on_repeat_refresh" time="2.014" /><testcase classname="tests.backend_test.TestAuth" name="test_bearer_only_me_no_cookies" time="1.713" /><testcase classname="tests.backend_test.TestAuth" name="test_bearer_invalid_token" time="0.097" /><testcase classname="tests.test_notifications.TestNotificationFlow" name="test_mark_one_read" time="0.142" /><testcase classname="tests.backend_test.TestAuth" name="test_logout" time="0.449" /><testcase classname="tests.test_notifications.TestNotificationFlow" name="test_mark_read_unknown_404" time="0.046" /><testcase classname="tests.test_notifications.TestNotificationFlow" name="test_mark_all_read" time="0.273" /><testcase classname="tests.test_payments_and_gating.TestGatingFreshFreeUser" name="test_euromillions_statistical_402_for_free" time="0.424" /><testcase classname="tests.backend_test.TestPredictions" name="test_statistical_requires_auth" time="0.256" /><testcase classname="tests.backend_test.TestPredictions" name="test_ai_requires_auth" time="0.100" /><testcase classname="tests.test_payments_and_gating.TestGatingFreshFreeUser" name="test_euromillions_ai_402_for_free" time="0.377" /><testcase classname="tests.backend_test.TestPredictions" name="test_statistical_lotto" time="0.058" /><testcase classname="tests.backend_test.TestPredictions" name="test_statistical_euromillions_gated_for_free" time="0.252" /><testcase classname="tests.backend_test.TestPredictions" name="test_ai" time="3.060" /><testcase classname="tests.test_payments_and_gating.TestGatingFreshFreeUser" name="test_ai_lotto_daily_limit" time="3.058" /><testcase classname="tests.test_payments_and_gating.TestPaymentsCheckout" name="test_checkout_requires_auth" time="0.101" /><testcase classname="tests.test_payments_and_gating.TestGatingFreshFreeUser" name="test_statistical_lotto_unlimited" time="0.684" /><testcase classname="tests.test_payments_and_gating.TestPaymentsCheckout" name="test_checkout_invalid_package" time="0.546" /><testcase classname="tests.test_payments_and_gating.TestPaymentsCheckout" name="test_checkout_creates_session_and_transaction" time="1.441" /><testcase classname="tests.test_payments_and_gating.TestGatingFreshFreeUser" name="test_me_reports_is_pro_false" time="1.006" /><testcase classname="tests.backend_test.TestSaved" name="test_saved_requires_auth" time="0.423" /><testcase classname="tests.test_payments_and_gating.TestPaymentsCheckout" name="test_status_unknown_session_404" time="0.584" /><testcase classname="tests.backend_test.TestSaved" name="test_saved_unknown_game_400" time="0.584" /><testcase classname="tests.test_payments_and_gating.TestPaymentsCheckout" name="test_status_requires_auth" time="0.100" /><testcase classname="tests.backend_test.TestSaved" name="test_saved_crud" time="0.291" /><testcase classname="tests.test_notifications.TestDataIntegrity" name="test_lotto_real_data" time="0.005" /><testcase classname="tests.test_notifications.TestDataIntegrity" name="test_euromillions_real_data" time="0.001" /><testcase classname="tests.test_notifications.TestDataIntegrity" name="test_latest_lotto_draw" time="0.111" /><testcase classname="tests.test_notifications.TestDataIntegrity" name="test_latest_euromillions_draw" time="0.147" /><testcase classname="tests.test_notifications.TestNotificationAuth" name="test_list_notifications_requires_auth" time="0.097" /><testcase classname="tests.backend_test.TestSaved" name="test_saved_isolated_per_user" time="0.587" /><testcase classname="tests.test_notifications.TestNotificationAuth" name="test_mark_read_requires_auth" time="0.237" /><testcase classname="tests.test_notifications.TestNotificationAuth" name="test_mark_all_read_requires_auth" time="0.099" /><testcase classname="tests.backend_test.TestHealthAndGames" name="test_root" time="0.091" /><testcase classname="tests.backend_test.TestHealthAndGames" name="test_get_games" time="0.103" /><testcase classname="tests.backend_test.TestDraws" name="test_get_draws[lotto]" time="0.100" /><testcase classname="tests.backend_test.TestStats" name="test_stats[lotto-59]" time="0.104" /><testcase classname="tests.backend_test.TestDraws" name="test_get_draws[euromillions]" time="0.096" /><testcase classname="tests.backend_test.TestStats" name="test_stats[euromillions-50]" time="0.098" /><testcase classname="tests.backend_test.TestDraws" name="test_get_draws_unknown_game" time="0.091" /><testcase classname="tests.backend_test.TestPWA" name="test_manifest_json" time="0.104" /><testcase classname="tests.test_accuracy.TestAccuracyAuth" name="test_anonymous_returns_401" time="0.101" /><testcase classname="tests.backend_test.TestPWA" name="test_service_worker" time="0.095" /><testcase classname="tests.test_accuracy.TestAccuracyAuth" name="test_free_user_returns_402_with_pro_message" time="0.559" /><testcase classname="tests.test_accuracy.TestAccuracyProWithJackpot" name="test_jackpot_best_and_prize_tier" time="0.845" /><testcase classname="tests.test_payments_and_gating.TestAdminGating" name="test_admin_euromillions_gated_when_free" time="0.665" /><testcase classname="tests.test_accuracy.TestAccuracyProWithJackpot" name="test_bonus_only_match_still_evaluates" time="0.676" /><testcase classname="tests.test_payments_and_gating.TestAdminGating" name="test_admin_ai_lotto_quota" time="3.166" /><testcase classname="tests.test_accuracy.TestAccuracyProNoSaved" name="test_pro_user_no_saved_returns_zero_tracked" time="0.410" /><testcase classname="tests.test_payments_and_gating.TestPaymentsPackages" name="test_packages_public" time="0.097" /><testcase classname="tests.test_accuracy.TestRegressionGating" name="test_free_user_still_gated_on_euromillions_and_ai" time="0.462" /><testcase classname="tests.test_payments_and_gating.TestProUnlocksGating" name="test_pro_user_can_access_euromillions_and_unlimited_ai" time="5.359" /></testsuite></testsuites>