<?xml version="1.0" encoding="utf-8"?><testsuites name="pytest tests"><testsuite name="pytest" errors="0" failures="0" skipped="0" tests="6" time="2.689" timestamp="2026-07-14T09:46:50.667277+00:00" hostname="agent-env-c91ef00e-f3f5-4451-aa5b-242cd4855189"><testcase classname="tests.test_accuracy.TestAccuracyAuth" name="test_anonymous_returns_401" time="0.275" /><testcase classname="tests.test_accuracy.TestAccuracyProWithJackpot" name="test_jackpot_best_and_prize_tier" time="0.904" /><testcase classname="tests.test_accuracy.TestAccuracyAuth" name="test_free_user_returns_402_with_pro_message" time="0.581" /><testcase classname="tests.test_accuracy.TestAccuracyProNoSaved" name="test_pro_user_no_saved_returns_zero_tracked" time="0.710" /><testcase classname="tests.test_accuracy.TestAccuracyProWithJackpot" name="test_bonus_only_match_still_evaluates" time="0.761" /><testcase classname="tests.test_accuracy.TestRegressionGating" name="test_free_user_still_gated_on_euromillions_and_ai" time="0.480" /></testsuite></testsuites>