<?xml version="1.0" encoding="utf-8"?><testsuites name="pytest tests"><testsuite name="pytest" errors="0" failures="0" skipped="0" tests="21" time="4.912" timestamp="2026-07-12T09:33:52.175166+00:00" hostname="agent-env-c91ef00e-f3f5-4451-aa5b-242cd4855189"><testcase classname="tests.backend_test.TestAuth" name="test_admin_login" time="0.435" /><testcase classname="tests.backend_test.TestPredictions" name="test_statistical_requires_auth" time="0.180" /><testcase classname="tests.backend_test.TestPredictions" name="test_ai_requires_auth" time="0.254" /><testcase classname="tests.backend_test.TestAuth" name="test_login_invalid" time="0.316" /><testcase classname="tests.backend_test.TestPredictions" name="test_statistical[lotto]" time="0.835" /><testcase classname="tests.backend_test.TestAuth" name="test_register_and_me" time="0.563" /><testcase classname="tests.backend_test.TestPredictions" name="test_statistical[euromillions]" time="0.092" /><testcase classname="tests.backend_test.TestAuth" name="test_register_duplicate" time="0.101" /><testcase classname="tests.backend_test.TestPredictions" name="test_ai" time="2.754" /><testcase classname="tests.backend_test.TestAuth" name="test_me_unauth" time="0.102" /><testcase classname="tests.backend_test.TestAuth" name="test_logout" time="0.449" /><testcase classname="tests.backend_test.TestSaved" name="test_saved_requires_auth" time="0.178" /><testcase classname="tests.backend_test.TestSaved" name="test_saved_crud" time="0.291" /><testcase classname="tests.backend_test.TestSaved" name="test_saved_isolated_per_user" time="0.530" /><testcase classname="tests.backend_test.TestHealthAndGames" name="test_root" time="0.089" /><testcase classname="tests.backend_test.TestHealthAndGames" name="test_get_games" time="0.094" /><testcase classname="tests.backend_test.TestStats" name="test_stats[lotto-59]" time="0.108" /><testcase classname="tests.backend_test.TestStats" name="test_stats[euromillions-50]" time="0.136" /><testcase classname="tests.backend_test.TestDraws" name="test_get_draws[lotto]" time="0.095" /><testcase classname="tests.backend_test.TestDraws" name="test_get_draws[euromillions]" time="0.094" /><testcase classname="tests.backend_test.TestDraws" name="test_get_draws_unknown_game" time="0.096" /></testsuite></testsuites>